{"/home/emanueltc/development/bike-test/src/App.tsx": {"path":"/home/emanueltc/development/bike-test/src/App.tsx","statementMap":{"0":{"start":{"line":7,"column":2},"end":{"line":21,"column":4}}},"fnMap":{"0":{"name":"App","decl":{"start":{"line":6,"column":9},"end":{"line":6,"column":12}},"loc":{"start":{"line":6,"column":15},"end":{"line":22,"column":1}},"line":6}},"branchMap":{},"s":{"0":1},"f":{"0":1},"b":{},"_coverageSchema":"1a1c01bbd47fc00a2c39e90264f33305004495a9","hash":"65d0a34ae1a0f9bcd1d6864987784ae36ed980df"}
,"/home/emanueltc/development/bike-test/src/assets/images/index.js": {"path":"/home/emanueltc/development/bike-test/src/assets/images/index.js","statementMap":{},"fnMap":{},"branchMap":{},"s":{},"f":{},"b":{},"_coverageSchema":"1a1c01bbd47fc00a2c39e90264f33305004495a9","hash":"3623a52163bc42f3e397d9b38aad2b43e22d27cc"}
,"/home/emanueltc/development/bike-test/src/components/index.js": {"path":"/home/emanueltc/development/bike-test/src/components/index.js","statementMap":{},"fnMap":{},"branchMap":{},"s":{},"f":{},"b":{},"_coverageSchema":"1a1c01bbd47fc00a2c39e90264f33305004495a9","hash":"fe1c68f11eb90859339f57dbe592dd7d85a4f88a"}
,"/home/emanueltc/development/bike-test/src/components/BarFilter/index.tsx": {"path":"/home/emanueltc/development/bike-test/src/components/BarFilter/index.tsx","statementMap":{"0":{"start":{"line":8,"column":18},"end":{"line":22,"column":1}},"1":{"start":{"line":9,"column":2},"end":{"line":21,"column":4}},"2":{"start":{"line":16,"column":27},"end":{"line":16,"column":57}}},"fnMap":{"0":{"name":"(anonymous_0)","decl":{"start":{"line":8,"column":18},"end":{"line":8,"column":19}},"loc":{"start":{"line":8,"column":71},"end":{"line":22,"column":1}},"line":8},"1":{"name":"(anonymous_1)","decl":{"start":{"line":16,"column":20},"end":{"line":16,"column":21}},"loc":{"start":{"line":16,"column":27},"end":{"line":16,"column":57}},"line":16}},"branchMap":{},"s":{"0":4,"1":1,"2":0},"f":{"0":1,"1":0},"b":{},"_coverageSchema":"1a1c01bbd47fc00a2c39e90264f33305004495a9","hash":"67610588c17c9a6c3b1f5e9a7bb3769fab740ad3"}
,"/home/emanueltc/development/bike-test/src/components/BikeItem/index.tsx": {"path":"/home/emanueltc/development/bike-test/src/components/BikeItem/index.tsx","statementMap":{"0":{"start":{"line":10,"column":17},"end":{"line":29,"column":1}},"1":{"start":{"line":11,"column":2},"end":{"line":28,"column":4}}},"fnMap":{"0":{"name":"(anonymous_0)","decl":{"start":{"line":10,"column":17},"end":{"line":10,"column":18}},"loc":{"start":{"line":10,"column":46},"end":{"line":29,"column":1}},"line":10}},"branchMap":{"0":{"loc":{"start":{"line":14,"column":18},"end":{"line":14,"column":55}},"type":"cond-expr","locations":[{"start":{"line":14,"column":34},"end":{"line":14,"column":45}},{"start":{"line":14,"column":48},"end":{"line":14,"column":55}}],"line":14},"1":{"loc":{"start":{"line":21,"column":11},"end":{"line":21,"column":67}},"type":"cond-expr","locations":[{"start":{"line":21,"column":32},"end":{"line":21,"column":48}},{"start":{"line":21,"column":51},"end":{"line":21,"column":67}}],"line":21},"2":{"loc":{"start":{"line":24,"column":11},"end":{"line":24,"column":72}},"type":"cond-expr","locations":[{"start":{"line":24,"column":36},"end":{"line":24,"column":56}},{"start":{"line":24,"column":59},"end":{"line":24,"column":72}}],"line":24}},"s":{"0":5,"1":1},"f":{"0":1},"b":{"0":[0,1],"1":[0,1],"2":[0,1]},"_coverageSchema":"1a1c01bbd47fc00a2c39e90264f33305004495a9","hash":"e12de7c941bfba850374aade5d9576d50d088c58"}
,"/home/emanueltc/development/bike-test/src/components/EmptyResult/index.tsx": {"path":"/home/emanueltc/development/bike-test/src/components/EmptyResult/index.tsx","statementMap":{"0":{"start":{"line":4,"column":20},"end":{"line":13,"column":1}},"1":{"start":{"line":5,"column":2},"end":{"line":12,"column":4}}},"fnMap":{"0":{"name":"(anonymous_0)","decl":{"start":{"line":4,"column":20},"end":{"line":4,"column":21}},"loc":{"start":{"line":4,"column":26},"end":{"line":13,"column":1}},"line":4}},"branchMap":{},"s":{"0":4,"1":1},"f":{"0":1},"b":{},"_coverageSchema":"1a1c01bbd47fc00a2c39e90264f33305004495a9","hash":"931f1b75416fe9cc455fd65a4d0f8d9c1205e605"}
,"/home/emanueltc/development/bike-test/src/components/Error/index.tsx": {"path":"/home/emanueltc/development/bike-test/src/components/Error/index.tsx","statementMap":{"0":{"start":{"line":4,"column":18},"end":{"line":13,"column":1}},"1":{"start":{"line":5,"column":2},"end":{"line":12,"column":4}}},"fnMap":{"0":{"name":"(anonymous_0)","decl":{"start":{"line":4,"column":18},"end":{"line":4,"column":19}},"loc":{"start":{"line":4,"column":24},"end":{"line":13,"column":1}},"line":4}},"branchMap":{},"s":{"0":4,"1":1},"f":{"0":1},"b":{},"_coverageSchema":"1a1c01bbd47fc00a2c39e90264f33305004495a9","hash":"7ae542e2e75373c303cf44a8d77a1afb97469ab7"}
,"/home/emanueltc/development/bike-test/src/components/Header/index.tsx": {"path":"/home/emanueltc/development/bike-test/src/components/Header/index.tsx","statementMap":{"0":{"start":{"line":5,"column":15},"end":{"line":19,"column":1}},"1":{"start":{"line":6,"column":2},"end":{"line":18,"column":4}}},"fnMap":{"0":{"name":"(anonymous_0)","decl":{"start":{"line":5,"column":15},"end":{"line":5,"column":16}},"loc":{"start":{"line":5,"column":21},"end":{"line":19,"column":1}},"line":5}},"branchMap":{},"s":{"0":4,"1":1},"f":{"0":1},"b":{},"_coverageSchema":"1a1c01bbd47fc00a2c39e90264f33305004495a9","hash":"f5d53565c27dfb31ee14e27ef83e9179ad2e6eeb"}
,"/home/emanueltc/development/bike-test/src/components/Loading/index.tsx": {"path":"/home/emanueltc/development/bike-test/src/components/Loading/index.tsx","statementMap":{"0":{"start":{"line":3,"column":16},"end":{"line":10,"column":1}},"1":{"start":{"line":4,"column":2},"end":{"line":9,"column":4}}},"fnMap":{"0":{"name":"(anonymous_0)","decl":{"start":{"line":3,"column":16},"end":{"line":3,"column":17}},"loc":{"start":{"line":3,"column":22},"end":{"line":10,"column":1}},"line":3}},"branchMap":{},"s":{"0":4,"1":1},"f":{"0":1},"b":{},"_coverageSchema":"1a1c01bbd47fc00a2c39e90264f33305004495a9","hash":"129769239b65c2d25c45027e6e233b4b829fc6a6"}
,"/home/emanueltc/development/bike-test/src/components/Map/index.tsx": {"path":"/home/emanueltc/development/bike-test/src/components/Map/index.tsx","statementMap":{"0":{"start":{"line":11,"column":2},"end":{"line":11,"column":97}},"1":{"start":{"line":13,"column":12},"end":{"line":35,"column":1}},"2":{"start":{"line":19,"column":18},"end":{"line":19,"column":24}},"3":{"start":{"line":20,"column":20},"end":{"line":20,"column":27}},"4":{"start":{"line":21,"column":2},"end":{"line":34,"column":4}}},"fnMap":{"0":{"name":"(anonymous_0)","decl":{"start":{"line":13,"column":12},"end":{"line":13,"column":13}},"loc":{"start":{"line":17,"column":16},"end":{"line":35,"column":1}},"line":17}},"branchMap":{"0":{"loc":{"start":{"line":14,"column":2},"end":{"line":14,"column":21}},"type":"default-arg","locations":[{"start":{"line":14,"column":13},"end":{"line":14,"column":21}}],"line":14},"1":{"loc":{"start":{"line":15,"column":2},"end":{"line":15,"column":23}},"type":"default-arg","locations":[{"start":{"line":15,"column":14},"end":{"line":15,"column":23}}],"line":15},"2":{"loc":{"start":{"line":16,"column":2},"end":{"line":16,"column":11}},"type":"default-arg","locations":[{"start":{"line":16,"column":9},"end":{"line":16,"column":11}}],"line":16}},"s":{"0":4,"1":4,"2":1,"3":1,"4":1},"f":{"0":1},"b":{"0":[0],"1":[0],"2":[0]},"_coverageSchema":"1a1c01bbd47fc00a2c39e90264f33305004495a9","hash":"40d2ecc12328e6d909880fad49e63a5b43440b17"}
,"/home/emanueltc/development/bike-test/src/components/Pagination/index.tsx": {"path":"/home/emanueltc/development/bike-test/src/components/Pagination/index.tsx","statementMap":{"0":{"start":{"line":11,"column":19},"end":{"line":61,"column":1}},"1":{"start":{"line":12,"column":42},"end":{"line":12,"column":54}},"2":{"start":{"line":14,"column":20},"end":{"line":21,"column":3}},"3":{"start":{"line":15,"column":14},"end":{"line":15,"column":16}},"4":{"start":{"line":16,"column":4},"end":{"line":19,"column":5}},"5":{"start":{"line":16,"column":17},"end":{"line":16,"column":18}},"6":{"start":{"line":18,"column":6},"end":{"line":18,"column":18}},"7":{"start":{"line":20,"column":4},"end":{"line":20,"column":25}},"8":{"start":{"line":23,"column":2},"end":{"line":25,"column":9}},"9":{"start":{"line":24,"column":4},"end":{"line":24,"column":16}},"10":{"start":{"line":27,"column":2},"end":{"line":60,"column":4}},"11":{"start":{"line":29,"column":45},"end":{"line":29,"column":55}},"12":{"start":{"line":34,"column":23},"end":{"line":34,"column":40}},"13":{"start":{"line":40,"column":8},"end":{"line":47,"column":10}},"14":{"start":{"line":42,"column":27},"end":{"line":42,"column":39}},"15":{"start":{"line":51,"column":23},"end":{"line":51,"column":40}},"16":{"start":{"line":56,"column":45},"end":{"line":56,"column":63}}},"fnMap":{"0":{"name":"(anonymous_0)","decl":{"start":{"line":11,"column":19},"end":{"line":11,"column":20}},"loc":{"start":{"line":11,"column":70},"end":{"line":61,"column":1}},"line":11},"1":{"name":"(anonymous_1)","decl":{"start":{"line":14,"column":20},"end":{"line":14,"column":21}},"loc":{"start":{"line":14,"column":26},"end":{"line":21,"column":3}},"line":14},"2":{"name":"(anonymous_2)","decl":{"start":{"line":23,"column":12},"end":{"line":23,"column":13}},"loc":{"start":{"line":23,"column":18},"end":{"line":25,"column":3}},"line":23},"3":{"name":"(anonymous_3)","decl":{"start":{"line":29,"column":39},"end":{"line":29,"column":40}},"loc":{"start":{"line":29,"column":45},"end":{"line":29,"column":55}},"line":29},"4":{"name":"(anonymous_4)","decl":{"start":{"line":34,"column":17},"end":{"line":34,"column":18}},"loc":{"start":{"line":34,"column":23},"end":{"line":34,"column":40}},"line":34},"5":{"name":"(anonymous_5)","decl":{"start":{"line":39,"column":24},"end":{"line":39,"column":25}},"loc":{"start":{"line":39,"column":41},"end":{"line":48,"column":7}},"line":39},"6":{"name":"(anonymous_6)","decl":{"start":{"line":42,"column":21},"end":{"line":42,"column":22}},"loc":{"start":{"line":42,"column":27},"end":{"line":42,"column":39}},"line":42},"7":{"name":"(anonymous_7)","decl":{"start":{"line":51,"column":17},"end":{"line":51,"column":18}},"loc":{"start":{"line":51,"column":23},"end":{"line":51,"column":40}},"line":51},"8":{"name":"(anonymous_8)","decl":{"start":{"line":56,"column":39},"end":{"line":56,"column":40}},"loc":{"start":{"line":56,"column":45},"end":{"line":56,"column":63}},"line":56}},"branchMap":{"0":{"loc":{"start":{"line":33,"column":19},"end":{"line":33,"column":55}},"type":"cond-expr","locations":[{"start":{"line":33,"column":32},"end":{"line":33,"column":47}},{"start":{"line":33,"column":50},"end":{"line":33,"column":55}}],"line":33},"1":{"loc":{"start":{"line":35,"column":18},"end":{"line":35,"column":43}},"type":"cond-expr","locations":[{"start":{"line":35,"column":31},"end":{"line":35,"column":35}},{"start":{"line":35,"column":38},"end":{"line":35,"column":43}}],"line":35},"2":{"loc":{"start":{"line":43,"column":23},"end":{"line":43,"column":74}},"type":"cond-expr","locations":[{"start":{"line":43,"column":38},"end":{"line":43,"column":58}},{"start":{"line":43,"column":61},"end":{"line":43,"column":74}}],"line":43},"3":{"loc":{"start":{"line":50,"column":19},"end":{"line":50,"column":63}},"type":"cond-expr","locations":[{"start":{"line":50,"column":40},"end":{"line":50,"column":55}},{"start":{"line":50,"column":58},"end":{"line":50,"column":63}}],"line":50},"4":{"loc":{"start":{"line":52,"column":18},"end":{"line":52,"column":51}},"type":"cond-expr","locations":[{"start":{"line":52,"column":39},"end":{"line":52,"column":43}},{"start":{"line":52,"column":46},"end":{"line":52,"column":51}}],"line":52}},"s":{"0":4,"1":1,"2":1,"3":0,"4":0,"5":0,"6":0,"7":0,"8":1,"9":0,"10":1,"11":0,"12":0,"13":0,"14":0,"15":0,"16":0},"f":{"0":1,"1":0,"2":0,"3":0,"4":0,"5":0,"6":0,"7":0,"8":0},"b":{"0":[1,0],"1":[1,0],"2":[0,0],"3":[0,1],"4":[0,1]},"_coverageSchema":"1a1c01bbd47fc00a2c39e90264f33305004495a9","hash":"015811f2e239574e791f3540182ad96d0e9f0a30"}
,"/home/emanueltc/development/bike-test/src/hooks/useDateFull.js": {"path":"/home/emanueltc/development/bike-test/src/hooks/useDateFull.js","statementMap":{"0":{"start":{"line":4,"column":18},"end":{"line":4,"column":50}},"1":{"start":{"line":5,"column":19},"end":{"line":5,"column":45}},"2":{"start":{"line":7,"column":4},"end":{"line":11,"column":29}},"3":{"start":{"line":13,"column":4},"end":{"line":13,"column":71}},"4":{"start":{"line":14,"column":13},"end":{"line":14,"column":53}},"5":{"start":{"line":15,"column":22},"end":{"line":15,"column":56}},"6":{"start":{"line":16,"column":17},"end":{"line":16,"column":52}},"7":{"start":{"line":17,"column":13},"end":{"line":21,"column":58}},"8":{"start":{"line":23,"column":2},"end":{"line":23,"column":14}}},"fnMap":{"0":{"name":"useDateFull","decl":{"start":{"line":1,"column":24},"end":{"line":1,"column":35}},"loc":{"start":{"line":1,"column":42},"end":{"line":24,"column":1}},"line":1}},"branchMap":{"0":{"loc":{"start":{"line":7,"column":4},"end":{"line":11,"column":29}},"type":"cond-expr","locations":[{"start":{"line":8,"column":8},"end":{"line":8,"column":12}},{"start":{"line":9,"column":8},"end":{"line":11,"column":29}}],"line":7},"1":{"loc":{"start":{"line":9,"column":8},"end":{"line":11,"column":29}},"type":"cond-expr","locations":[{"start":{"line":10,"column":8},"end":{"line":10,"column":34}},{"start":{"line":11,"column":8},"end":{"line":11,"column":29}}],"line":9},"2":{"loc":{"start":{"line":13,"column":5},"end":{"line":13,"column":44}},"type":"cond-expr","locations":[{"start":{"line":13,"column":36},"end":{"line":13,"column":39}},{"start":{"line":13,"column":42},"end":{"line":13,"column":44}}],"line":13},"3":{"loc":{"start":{"line":14,"column":13},"end":{"line":14,"column":53}},"type":"cond-expr","locations":[{"start":{"line":14,"column":42},"end":{"line":14,"column":46}},{"start":{"line":14,"column":49},"end":{"line":14,"column":53}}],"line":14},"4":{"loc":{"start":{"line":18,"column":4},"end":{"line":18,"column":45}},"type":"cond-expr","locations":[{"start":{"line":18,"column":37},"end":{"line":18,"column":40}},{"start":{"line":18,"column":43},"end":{"line":18,"column":45}}],"line":18},"5":{"loc":{"start":{"line":20,"column":4},"end":{"line":20,"column":40}},"type":"cond-expr","locations":[{"start":{"line":20,"column":32},"end":{"line":20,"column":35}},{"start":{"line":20,"column":38},"end":{"line":20,"column":40}}],"line":20}},"s":{"0":0,"1":0,"2":0,"3":0,"4":0,"5":0,"6":0,"7":0,"8":0},"f":{"0":0},"b":{"0":[0,0],"1":[0,0],"2":[0,0],"3":[0,0],"4":[0,0],"5":[0,0]},"_coverageSchema":"1a1c01bbd47fc00a2c39e90264f33305004495a9","hash":"6bfa6ede42e5aaa655ea91d63f2a6fd5ee578ddc"}
,"/home/emanueltc/development/bike-test/src/hooks/useOnlyDate.js": {"path":"/home/emanueltc/development/bike-test/src/hooks/useOnlyDate.js","statementMap":{"0":{"start":{"line":4,"column":18},"end":{"line":4,"column":50}},"1":{"start":{"line":5,"column":19},"end":{"line":5,"column":45}},"2":{"start":{"line":6,"column":17},"end":{"line":10,"column":27}},"3":{"start":{"line":12,"column":2},"end":{"line":12,"column":18}}},"fnMap":{"0":{"name":"useOnlyDate","decl":{"start":{"line":1,"column":24},"end":{"line":1,"column":35}},"loc":{"start":{"line":1,"column":42},"end":{"line":13,"column":1}},"line":1}},"branchMap":{"0":{"loc":{"start":{"line":7,"column":4},"end":{"line":7,"column":45}},"type":"cond-expr","locations":[{"start":{"line":7,"column":37},"end":{"line":7,"column":40}},{"start":{"line":7,"column":43},"end":{"line":7,"column":45}}],"line":7},"1":{"loc":{"start":{"line":9,"column":4},"end":{"line":9,"column":40}},"type":"cond-expr","locations":[{"start":{"line":9,"column":32},"end":{"line":9,"column":35}},{"start":{"line":9,"column":38},"end":{"line":9,"column":40}}],"line":9}},"s":{"0":0,"1":0,"2":0,"3":0},"f":{"0":0},"b":{"0":[0,0],"1":[0,0]},"_coverageSchema":"1a1c01bbd47fc00a2c39e90264f33305004495a9","hash":"d07467830088c367802a8a729840ce89d155f379"}
,"/home/emanueltc/development/bike-test/src/utils/services/BikesServices.js": {"path":"/home/emanueltc/development/bike-test/src/utils/services/BikesServices.js","statementMap":{"0":{"start":{"line":4,"column":12},"end":{"line":4,"column":43}},"1":{"start":{"line":6,"column":14},"end":{"line":16,"column":1}},"2":{"start":{"line":7,"column":2},"end":{"line":15,"column":3}},"3":{"start":{"line":8,"column":16},"end":{"line":10,"column":5}},"4":{"start":{"line":12,"column":4},"end":{"line":12,"column":20}},"5":{"start":{"line":14,"column":4},"end":{"line":14,"column":12}},"6":{"start":{"line":18,"column":23},"end":{"line":28,"column":1}},"7":{"start":{"line":19,"column":2},"end":{"line":27,"column":3}},"8":{"start":{"line":20,"column":16},"end":{"line":22,"column":5}},"9":{"start":{"line":24,"column":4},"end":{"line":24,"column":20}},"10":{"start":{"line":26,"column":4},"end":{"line":26,"column":12}},"11":{"start":{"line":30,"column":17},"end":{"line":38,"column":1}},"12":{"start":{"line":31,"column":2},"end":{"line":37,"column":3}},"13":{"start":{"line":32,"column":16},"end":{"line":32,"column":56}},"14":{"start":{"line":34,"column":4},"end":{"line":34,"column":20}},"15":{"start":{"line":36,"column":4},"end":{"line":36,"column":12}}},"fnMap":{"0":{"name":"(anonymous_0)","decl":{"start":{"line":6,"column":14},"end":{"line":6,"column":15}},"loc":{"start":{"line":6,"column":34},"end":{"line":16,"column":1}},"line":6},"1":{"name":"(anonymous_1)","decl":{"start":{"line":18,"column":23},"end":{"line":18,"column":24}},"loc":{"start":{"line":18,"column":40},"end":{"line":28,"column":1}},"line":18},"2":{"name":"(anonymous_2)","decl":{"start":{"line":30,"column":17},"end":{"line":30,"column":18}},"loc":{"start":{"line":30,"column":31},"end":{"line":38,"column":1}},"line":30}},"branchMap":{"0":{"loc":{"start":{"line":6,"column":21},"end":{"line":6,"column":29}},"type":"default-arg","locations":[{"start":{"line":6,"column":28},"end":{"line":6,"column":29}}],"line":6}},"s":{"0":5,"1":5,"2":2,"3":2,"4":2,"5":0,"6":5,"7":3,"8":3,"9":3,"10":0,"11":5,"12":0,"13":0,"14":0,"15":0},"f":{"0":2,"1":3,"2":0},"b":{"0":[0]},"_coverageSchema":"1a1c01bbd47fc00a2c39e90264f33305004495a9","hash":"955a8ed37e19592634ad0cf79c44070f6109f678"}
,"/home/emanueltc/development/bike-test/src/views/index.js": {"path":"/home/emanueltc/development/bike-test/src/views/index.js","statementMap":{},"fnMap":{},"branchMap":{},"s":{},"f":{},"b":{},"_coverageSchema":"1a1c01bbd47fc00a2c39e90264f33305004495a9","hash":"9fd67f54d66dcd3f3a74662c78a340d59c562798"}
,"/home/emanueltc/development/bike-test/src/views/details/index.tsx": {"path":"/home/emanueltc/development/bike-test/src/views/details/index.tsx","statementMap":{"0":{"start":{"line":16,"column":16},"end":{"line":191,"column":1}},"1":{"start":{"line":17,"column":31},"end":{"line":17,"column":42}},"2":{"start":{"line":18,"column":48},"end":{"line":18,"column":60}},"3":{"start":{"line":19,"column":32},"end":{"line":19,"column":46}},"4":{"start":{"line":20,"column":36},"end":{"line":20,"column":51}},"5":{"start":{"line":21,"column":24},"end":{"line":21,"column":41}},"6":{"start":{"line":22,"column":20},"end":{"line":22,"column":37}},"7":{"start":{"line":24,"column":19},"end":{"line":36,"column":3}},"8":{"start":{"line":25,"column":4},"end":{"line":35,"column":5}},"9":{"start":{"line":26,"column":27},"end":{"line":26,"column":59}},"10":{"start":{"line":28,"column":6},"end":{"line":28,"column":33}},"11":{"start":{"line":30,"column":6},"end":{"line":30,"column":24}},"12":{"start":{"line":32,"column":6},"end":{"line":32,"column":58}},"13":{"start":{"line":33,"column":6},"end":{"line":33,"column":24}},"14":{"start":{"line":34,"column":6},"end":{"line":34,"column":25}},"15":{"start":{"line":38,"column":2},"end":{"line":40,"column":9}},"16":{"start":{"line":39,"column":4},"end":{"line":39,"column":15}},"17":{"start":{"line":42,"column":2},"end":{"line":44,"column":13}},"18":{"start":{"line":46,"column":2},"end":{"line":190,"column":4}},"19":{"start":{"line":91,"column":56},"end":{"line":91,"column":67}},"20":{"start":{"line":178,"column":18},"end":{"line":183,"column":20}}},"fnMap":{"0":{"name":"(anonymous_0)","decl":{"start":{"line":16,"column":16},"end":{"line":16,"column":17}},"loc":{"start":{"line":16,"column":22},"end":{"line":191,"column":1}},"line":16},"1":{"name":"(anonymous_1)","decl":{"start":{"line":24,"column":19},"end":{"line":24,"column":20}},"loc":{"start":{"line":24,"column":31},"end":{"line":36,"column":3}},"line":24},"2":{"name":"(anonymous_2)","decl":{"start":{"line":38,"column":12},"end":{"line":38,"column":13}},"loc":{"start":{"line":38,"column":18},"end":{"line":40,"column":3}},"line":38},"3":{"name":"(anonymous_3)","decl":{"start":{"line":42,"column":12},"end":{"line":42,"column":13}},"loc":{"start":{"line":42,"column":18},"end":{"line":44,"column":3}},"line":42},"4":{"name":"(anonymous_4)","decl":{"start":{"line":91,"column":45},"end":{"line":91,"column":46}},"loc":{"start":{"line":91,"column":56},"end":{"line":91,"column":67}},"line":91},"5":{"name":"(anonymous_5)","decl":{"start":{"line":177,"column":36},"end":{"line":177,"column":37}},"loc":{"start":{"line":177,"column":73},"end":{"line":184,"column":17}},"line":177}},"branchMap":{"0":{"loc":{"start":{"line":48,"column":7},"end":{"line":188,"column":7}},"type":"cond-expr","locations":[{"start":{"line":49,"column":8},"end":{"line":49,"column":19}},{"start":{"line":50,"column":10},"end":{"line":188,"column":7}}],"line":48},"1":{"loc":{"start":{"line":50,"column":10},"end":{"line":188,"column":7}},"type":"cond-expr","locations":[{"start":{"line":51,"column":8},"end":{"line":51,"column":21}},{"start":{"line":53,"column":8},"end":{"line":187,"column":14}}],"line":50},"2":{"loc":{"start":{"line":82,"column":19},"end":{"line":82,"column":67}},"type":"cond-expr","locations":[{"start":{"line":82,"column":36},"end":{"line":82,"column":48}},{"start":{"line":82,"column":51},"end":{"line":82,"column":67}}],"line":82},"3":{"loc":{"start":{"line":86,"column":19},"end":{"line":86,"column":77}},"type":"cond-expr","locations":[{"start":{"line":86,"column":41},"end":{"line":86,"column":58}},{"start":{"line":86,"column":61},"end":{"line":86,"column":77}}],"line":86},"4":{"loc":{"start":{"line":90,"column":19},"end":{"line":92,"column":38}},"type":"cond-expr","locations":[{"start":{"line":91,"column":22},"end":{"line":91,"column":68}},{"start":{"line":92,"column":22},"end":{"line":92,"column":38}}],"line":90},"5":{"loc":{"start":{"line":96,"column":19},"end":{"line":98,"column":38}},"type":"cond-expr","locations":[{"start":{"line":97,"column":22},"end":{"line":97,"column":41}},{"start":{"line":98,"column":22},"end":{"line":98,"column":38}}],"line":96},"6":{"loc":{"start":{"line":104,"column":19},"end":{"line":106,"column":38}},"type":"cond-expr","locations":[{"start":{"line":105,"column":22},"end":{"line":105,"column":45}},{"start":{"line":106,"column":22},"end":{"line":106,"column":38}}],"line":104},"7":{"loc":{"start":{"line":110,"column":19},"end":{"line":110,"column":63}},"type":"cond-expr","locations":[{"start":{"line":110,"column":34},"end":{"line":110,"column":44}},{"start":{"line":110,"column":47},"end":{"line":110,"column":63}}],"line":110},"8":{"loc":{"start":{"line":114,"column":19},"end":{"line":114,"column":75}},"type":"cond-expr","locations":[{"start":{"line":114,"column":40},"end":{"line":114,"column":56}},{"start":{"line":114,"column":59},"end":{"line":114,"column":75}}],"line":114},"9":{"loc":{"start":{"line":118,"column":19},"end":{"line":120,"column":38}},"type":"cond-expr","locations":[{"start":{"line":119,"column":22},"end":{"line":119,"column":47}},{"start":{"line":120,"column":22},"end":{"line":120,"column":38}}],"line":118},"10":{"loc":{"start":{"line":128,"column":16},"end":{"line":128,"column":75}},"type":"cond-expr","locations":[{"start":{"line":128,"column":38},"end":{"line":128,"column":55}},{"start":{"line":128,"column":58},"end":{"line":128,"column":75}}],"line":128},"11":{"loc":{"start":{"line":145,"column":19},"end":{"line":147,"column":27}},"type":"cond-expr","locations":[{"start":{"line":146,"column":22},"end":{"line":146,"column":51}},{"start":{"line":147,"column":22},"end":{"line":147,"column":27}}],"line":145},"12":{"loc":{"start":{"line":151,"column":19},"end":{"line":153,"column":27}},"type":"cond-expr","locations":[{"start":{"line":152,"column":22},"end":{"line":152,"column":62}},{"start":{"line":153,"column":22},"end":{"line":153,"column":27}}],"line":151},"13":{"loc":{"start":{"line":157,"column":19},"end":{"line":159,"column":27}},"type":"cond-expr","locations":[{"start":{"line":158,"column":22},"end":{"line":158,"column":66}},{"start":{"line":159,"column":22},"end":{"line":159,"column":27}}],"line":157},"14":{"loc":{"start":{"line":162,"column":20},"end":{"line":162,"column":51}},"type":"cond-expr","locations":[{"start":{"line":162,"column":34},"end":{"line":162,"column":43}},{"start":{"line":162,"column":46},"end":{"line":162,"column":51}}],"line":162},"15":{"loc":{"start":{"line":169,"column":15},"end":{"line":171,"column":35}},"type":"cond-expr","locations":[{"start":{"line":170,"column":18},"end":{"line":170,"column":56}},{"start":{"line":171,"column":18},"end":{"line":171,"column":35}}],"line":169},"16":{"loc":{"start":{"line":176,"column":13},"end":{"line":185,"column":31}},"type":"cond-expr","locations":[{"start":{"line":177,"column":16},"end":{"line":184,"column":18}},{"start":{"line":185,"column":16},"end":{"line":185,"column":31}}],"line":176},"17":{"loc":{"start":{"line":180,"column":29},"end":{"line":180,"column":70}},"type":"cond-expr","locations":[{"start":{"line":180,"column":48},"end":{"line":180,"column":62}},{"start":{"line":180,"column":65},"end":{"line":180,"column":70}}],"line":180},"18":{"loc":{"start":{"line":181,"column":23},"end":{"line":181,"column":58}},"type":"cond-expr","locations":[{"start":{"line":181,"column":39},"end":{"line":181,"column":50}},{"start":{"line":181,"column":53},"end":{"line":181,"column":58}}],"line":181}},"s":{"0":2,"1":0,"2":0,"3":0,"4":0,"5":0,"6":0,"7":0,"8":0,"9":0,"10":0,"11":0,"12":0,"13":0,"14":0,"15":0,"16":0,"17":0,"18":0,"19":0,"20":0},"f":{"0":0,"1":0,"2":0,"3":0,"4":0,"5":0},"b":{"0":[0,0],"1":[0,0],"2":[0,0],"3":[0,0],"4":[0,0],"5":[0,0],"6":[0,0],"7":[0,0],"8":[0,0],"9":[0,0],"10":[0,0],"11":[0,0],"12":[0,0],"13":[0,0],"14":[0,0],"15":[0,0],"16":[0,0],"17":[0,0],"18":[0,0]},"_coverageSchema":"1a1c01bbd47fc00a2c39e90264f33305004495a9","hash":"db6a2efe4a59e44df6c742004253597394b229e7"}
,"/home/emanueltc/development/bike-test/src/views/home/index.tsx": {"path":"/home/emanueltc/development/bike-test/src/views/home/index.tsx","statementMap":{"0":{"start":{"line":12,"column":13},"end":{"line":97,"column":1}},"1":{"start":{"line":13,"column":28},"end":{"line":13,"column":40}},"2":{"start":{"line":14,"column":26},"end":{"line":14,"column":37}},"3":{"start":{"line":15,"column":32},"end":{"line":15,"column":46}},"4":{"start":{"line":16,"column":40},"end":{"line":16,"column":52}},"5":{"start":{"line":17,"column":36},"end":{"line":17,"column":51}},"6":{"start":{"line":18,"column":48},"end":{"line":18,"column":63}},"7":{"start":{"line":24,"column":20},"end":{"line":24,"column":38}},"8":{"start":{"line":26,"column":20},"end":{"line":37,"column":3}},"9":{"start":{"line":27,"column":4},"end":{"line":36,"column":5}},"10":{"start":{"line":28,"column":28},"end":{"line":28,"column":59}},"11":{"start":{"line":29,"column":6},"end":{"line":29,"column":24}},"12":{"start":{"line":31,"column":6},"end":{"line":31,"column":36}},"13":{"start":{"line":33,"column":6},"end":{"line":33,"column":24}},"14":{"start":{"line":34,"column":6},"end":{"line":34,"column":26}},"15":{"start":{"line":35,"column":6},"end":{"line":35,"column":45}},"16":{"start":{"line":39,"column":2},"end":{"line":41,"column":9}},"17":{"start":{"line":40,"column":4},"end":{"line":40,"column":16}},"18":{"start":{"line":43,"column":2},"end":{"line":45,"column":13}},"19":{"start":{"line":44,"column":4},"end":{"line":44,"column":16}},"20":{"start":{"line":47,"column":31},"end":{"line":58,"column":3}},"21":{"start":{"line":48,"column":4},"end":{"line":48,"column":21}},"22":{"start":{"line":49,"column":4},"end":{"line":57,"column":5}},"23":{"start":{"line":50,"column":21},"end":{"line":50,"column":68}},"24":{"start":{"line":51,"column":6},"end":{"line":51,"column":29}},"25":{"start":{"line":52,"column":6},"end":{"line":52,"column":24}},"26":{"start":{"line":54,"column":6},"end":{"line":54,"column":52}},"27":{"start":{"line":55,"column":6},"end":{"line":55,"column":24}},"28":{"start":{"line":56,"column":6},"end":{"line":56,"column":26}},"29":{"start":{"line":60,"column":2},"end":{"line":67,"column":20}},"30":{"start":{"line":61,"column":4},"end":{"line":66,"column":5}},"31":{"start":{"line":62,"column":6},"end":{"line":62,"column":40}},"32":{"start":{"line":64,"column":6},"end":{"line":64,"column":32}},"33":{"start":{"line":65,"column":6},"end":{"line":65,"column":18}},"34":{"start":{"line":69,"column":2},"end":{"line":76,"column":14}},"35":{"start":{"line":71,"column":4},"end":{"line":75,"column":5}},"36":{"start":{"line":72,"column":6},"end":{"line":72,"column":31}},"37":{"start":{"line":74,"column":6},"end":{"line":74,"column":32}},"38":{"start":{"line":78,"column":2},"end":{"line":96,"column":4}},"39":{"start":{"line":90,"column":12},"end":{"line":90,"column":44}}},"fnMap":{"0":{"name":"(anonymous_0)","decl":{"start":{"line":12,"column":13},"end":{"line":12,"column":14}},"loc":{"start":{"line":12,"column":19},"end":{"line":97,"column":1}},"line":12},"1":{"name":"(anonymous_1)","decl":{"start":{"line":26,"column":20},"end":{"line":26,"column":21}},"loc":{"start":{"line":26,"column":32},"end":{"line":37,"column":3}},"line":26},"2":{"name":"(anonymous_2)","decl":{"start":{"line":39,"column":12},"end":{"line":39,"column":13}},"loc":{"start":{"line":39,"column":18},"end":{"line":41,"column":3}},"line":39},"3":{"name":"(anonymous_3)","decl":{"start":{"line":43,"column":12},"end":{"line":43,"column":13}},"loc":{"start":{"line":43,"column":18},"end":{"line":45,"column":3}},"line":43},"4":{"name":"(anonymous_4)","decl":{"start":{"line":47,"column":31},"end":{"line":47,"column":32}},"loc":{"start":{"line":47,"column":54},"end":{"line":58,"column":3}},"line":47},"5":{"name":"(anonymous_5)","decl":{"start":{"line":60,"column":12},"end":{"line":60,"column":13}},"loc":{"start":{"line":60,"column":18},"end":{"line":67,"column":3}},"line":60},"6":{"name":"(anonymous_6)","decl":{"start":{"line":69,"column":12},"end":{"line":69,"column":13}},"loc":{"start":{"line":69,"column":18},"end":{"line":76,"column":3}},"line":69},"7":{"name":"(anonymous_7)","decl":{"start":{"line":89,"column":21},"end":{"line":89,"column":22}},"loc":{"start":{"line":89,"column":31},"end":{"line":91,"column":11}},"line":89}},"branchMap":{"0":{"loc":{"start":{"line":61,"column":4},"end":{"line":66,"column":5}},"type":"if","locations":[{"start":{"line":61,"column":4},"end":{"line":66,"column":5}},{"start":{"line":61,"column":4},"end":{"line":66,"column":5}}],"line":61},"1":{"loc":{"start":{"line":71,"column":4},"end":{"line":75,"column":5}},"type":"if","locations":[{"start":{"line":71,"column":4},"end":{"line":75,"column":5}},{"start":{"line":71,"column":4},"end":{"line":75,"column":5}}],"line":71},"2":{"loc":{"start":{"line":81,"column":7},"end":{"line":94,"column":7}},"type":"cond-expr","locations":[{"start":{"line":82,"column":8},"end":{"line":82,"column":19}},{"start":{"line":83,"column":10},"end":{"line":94,"column":7}}],"line":81},"3":{"loc":{"start":{"line":83,"column":10},"end":{"line":94,"column":7}},"type":"cond-expr","locations":[{"start":{"line":84,"column":8},"end":{"line":84,"column":21}},{"start":{"line":85,"column":10},"end":{"line":94,"column":7}}],"line":83},"4":{"loc":{"start":{"line":85,"column":10},"end":{"line":94,"column":7}},"type":"cond-expr","locations":[{"start":{"line":86,"column":8},"end":{"line":86,"column":23}},{"start":{"line":88,"column":8},"end":{"line":93,"column":11}}],"line":85}},"s":{"0":2,"1":1,"2":1,"3":1,"4":1,"5":1,"6":1,"7":1,"8":1,"9":0,"10":0,"11":0,"12":0,"13":0,"14":0,"15":0,"16":1,"17":0,"18":1,"19":0,"20":1,"21":0,"22":0,"23":0,"24":0,"25":0,"26":0,"27":0,"28":0,"29":1,"30":0,"31":0,"32":0,"33":0,"34":1,"35":0,"36":0,"37":0,"38":1,"39":0},"f":{"0":1,"1":0,"2":0,"3":0,"4":0,"5":0,"6":0,"7":0},"b":{"0":[0,0],"1":[0,0],"2":[1,0],"3":[0,0],"4":[0,0]},"_coverageSchema":"1a1c01bbd47fc00a2c39e90264f33305004495a9","hash":"11d1b45784fff6704295d68207c9112a938d9ba9"}
}
